<?xml version="1.0" encoding="UTF-8"?>
<testng-results skipped="0" failed="0" ignored="0" total="0" passed="0">
  <reporter-output>
  </reporter-output>
  <suite name="DEMO.demo.AppTest" duration-ms="2" started-at="2018-01-09T05:24:00Z" finished-at="2018-01-09T05:24:00Z">
    <groups>
    </groups>
    <test name="Command line test" duration-ms="2" started-at="2018-01-09T05:24:00Z" finished-at="2018-01-09T05:24:00Z">
    </test> <!-- Command line test -->
  </suite> <!-- DEMO.demo.AppTest -->
</testng-results>
